[12-11-2018 12:34:29] imagenes importadas: Paisajes/5/LagunaAzul2.jpeg
[12-11-2018 12:34:34] imagenes importadas: Paisajes/5/LagunaAzul2.jpeg,Paisajes/5/LagunaAzul1.jpeg
[12-11-2018 12:34:40] imagenes importadas: Paisajes/5/LagunaAzul2.jpeg,Paisajes/5/LagunaAzul1.jpeg,Paisajes/5/LagunaAzul.jpeg
[12-11-2018 12:34:49] imagenes importadas: Paisajes/5/LagunaAzul2.jpeg,Paisajes/5/LagunaAzul1.jpeg,Paisajes/5/LagunaAzul.jpeg
[12-11-2018 12:34:50] Paisajes/5/LagunaAzul2.jpeg,Paisajes/5/LagunaAzul1.jpeg,Paisajes/5/LagunaAzul.jpeg
[12-11-2018 12:55:04] imagenes importadas: Paisajes/5/CaboVirgenes2.jpg
[12-11-2018 12:55:09] imagenes importadas: Paisajes/5/CaboVirgenes2.jpg,Paisajes/5/CaboVirgenes1.jpg
[12-11-2018 12:55:14] imagenes importadas: Paisajes/5/CaboVirgenes2.jpg,Paisajes/5/CaboVirgenes1.jpg,Paisajes/5/CaboVirgenes.jpg
[12-11-2018 12:55:19] imagenes importadas: Paisajes/5/CaboVirgenes2.jpg,Paisajes/5/CaboVirgenes1.jpg,Paisajes/5/CaboVirgenes.jpg
[12-11-2018 12:55:21] Paisajes/5/CaboVirgenes2.jpg,Paisajes/5/CaboVirgenes1.jpg,Paisajes/5/CaboVirgenes.jpg
[12-11-2018 01:24:02] imagenes importadas: Paisajes/5/GaciarPeritoMoreno1.jpeg
[12-11-2018 01:24:07] imagenes importadas: Paisajes/5/GaciarPeritoMoreno1.jpeg,Paisajes/5/GaciarPeritoMoreno.jpeg
[12-11-2018 01:24:13] imagenes importadas: Paisajes/5/GaciarPeritoMoreno1.jpeg,Paisajes/5/GaciarPeritoMoreno.jpeg,Paisajes/5/GaciarPeritoMoreno2.jpeg
[12-11-2018 01:24:19] imagenes importadas: Paisajes/5/GaciarPeritoMoreno1.jpeg,Paisajes/5/GaciarPeritoMoreno.jpeg,Paisajes/5/GaciarPeritoMoreno2.jpeg,Paisajes/5/GaciarPeritoMoreno3.jpeg
[12-11-2018 01:24:24] imagenes importadas: Paisajes/5/GaciarPeritoMoreno1.jpeg,Paisajes/5/GaciarPeritoMoreno.jpeg,Paisajes/5/GaciarPeritoMoreno2.jpeg,Paisajes/5/GaciarPeritoMoreno3.jpeg
[12-11-2018 01:24:26] Paisajes/5/GaciarPeritoMoreno1.jpeg,Paisajes/5/GaciarPeritoMoreno.jpeg,Paisajes/5/GaciarPeritoMoreno2.jpeg,Paisajes/5/GaciarPeritoMoreno3.jpeg
[12-11-2018 02:28:27] imagenes importadas: Paisajes/5/LagoRoca.jpg
[12-11-2018 02:29:36] imagenes importadas: Paisajes/5/LagoRoca.jpg,Paisajes/5/LagoRoca.jpg
[12-11-2018 02:29:40] imagenes importadas: Paisajes/5/LagoRoca.jpg,Paisajes/5/LagoRoca.jpg,Paisajes/5/LagoRoca1.jpg
[12-11-2018 02:29:49] imagenes importadas: Paisajes/5/LagoRoca.jpg,Paisajes/5/LagoRoca.jpg,Paisajes/5/LagoRoca1.jpg
[12-11-2018 02:29:51] Paisajes/5/LagoRoca.jpg,Paisajes/5/LagoRoca.jpg,Paisajes/5/LagoRoca1.jpg
