[27-06-2018 07:48:13] Museos/12/IAServer.PNG,Museos/12/cf4.png
[27-06-2018 07:49:52] Museos/12/famar.png,Museos/12/IMG-20180509-WA0000.jpeg
[27-06-2018 07:59:28] Otros Servicios/12/Chrysanthemum.jpg,Otros Servicios/12/Koala.jpg
[27-06-2018 08:04:11] ,Restaurantes/12/Lighthouse.jpg,Restaurantes/12/Penguins.jpg
[27-06-2018 08:13:50] imagenes importadas: 
[27-06-2018 08:13:55] 
[27-06-2018 08:13:55] imagenes importadas: Deportes/12/Hydrangeas.jpg
[27-06-2018 08:13:55] imagenes importadas: Deportes/12/Hydrangeas.jpg,Deportes/12/Desert.jpg
[27-06-2018 08:19:33] 
[27-06-2018 08:26:49] imagenes importadas: Salud-Belleza/12/Desert.jpg
[27-06-2018 08:26:49] imagenes importadas: Salud-Belleza/12/Desert.jpg
[27-06-2018 08:26:54] 
[27-06-2018 08:26:54] imagenes importadas: Salud-Belleza/12/Lighthouse.jpg
[27-06-2018 08:28:23] imagenes importadas: Salud-Belleza/12/Lighthouse.jpg
[27-06-2018 08:28:27] 
[27-06-2018 08:28:37] imagenes importadas: 
[27-06-2018 08:28:42] 
[27-06-2018 08:29:18] imagenes importadas: 
[27-06-2018 08:29:23] 
[27-06-2018 08:29:23] imagenes importadas: Hogar/12/Koala.jpg
[27-06-2018 08:29:23] imagenes importadas: Hogar/12/Koala.jpg,Hogar/12/Penguins.jpg
[27-06-2018 08:32:49] imagenes importadas: Hogar/12/Koala.jpg,Hogar/12/Penguins.jpg
[27-06-2018 08:32:53] Hogar/12/Koala.jpg,Hogar/12/Penguins.jpg
[27-06-2018 08:32:53] imagenes importadas: Profesionales/12/Tulips.jpg
[27-06-2018 08:32:53] imagenes importadas: Profesionales/12/Tulips.jpg,Profesionales/12/Lighthouse.jpg
