[28-06-2018 12:00:47] imagenes importadas: Profesionales/12/Tulips.jpg,Profesionales/12/Lighthouse.jpg
[28-06-2018 12:00:54] Profesionales/12/Tulips.jpg,Profesionales/12/Lighthouse.jpg
[28-06-2018 12:00:55] imagenes importadas: Restaurantes/12/Jellyfish.jpg
[28-06-2018 12:00:55] imagenes importadas: Restaurantes/12/Jellyfish.jpg,Restaurantes/12/Penguins.jpg
[28-06-2018 12:02:38] imagenes importadas: Restaurantes/12/Jellyfish.jpg,Restaurantes/12/Penguins.jpg
[28-06-2018 12:02:44] Restaurantes/12/Jellyfish.jpg,Restaurantes/12/Penguins.jpg
[28-06-2018 12:02:44] imagenes importadas: Hoteles/12/Hydrangeas.jpg
[28-06-2018 12:02:44] imagenes importadas: Hoteles/12/Hydrangeas.jpg,Hoteles/12/Penguins.jpg
[28-06-2018 12:04:58] imagenes importadas: Hoteles/12/Hydrangeas.jpg,Hoteles/12/Penguins.jpg
[28-06-2018 12:05:04] Hoteles/12/Hydrangeas.jpg,Hoteles/12/Penguins.jpg
[28-06-2018 12:05:04] imagenes importadas: Escuelas/12/Lighthouse.jpg
[28-06-2018 12:05:04] imagenes importadas: Escuelas/12/Lighthouse.jpg,Escuelas/12/Desert.jpg
[28-06-2018 12:11:04] imagenes importadas: Escuelas/12/Lighthouse.jpg,Escuelas/12/Desert.jpg
[28-06-2018 12:11:11] Escuelas/12/Lighthouse.jpg,Escuelas/12/Desert.jpg
[28-06-2018 12:11:11] imagenes importadas: Deportes/12/Lighthouse.jpg
[28-06-2018 12:11:11] imagenes importadas: Deportes/12/Lighthouse.jpg,Deportes/12/Koala.jpg
[28-06-2018 12:20:33] imagenes importadas: Deportes/12/Lighthouse.jpg,Deportes/12/Koala.jpg,Deportes/12/Koala.jpg
[28-06-2018 12:23:43] imagenes importadas: Deportes/12/Lighthouse.jpg,Deportes/12/Koala.jpg,Deportes/12/Koala.jpg,/12/Penguins.jpg
[28-06-2018 12:23:48] imagenes importadas: Deportes/12/Lighthouse.jpg,Deportes/12/Koala.jpg,Deportes/12/Koala.jpg,/12/Penguins.jpg,/12/Tulips.jpg
[28-06-2018 12:26:04] imagenes importadas: Deportes/12/Lighthouse.jpg,Deportes/12/Koala.jpg,Deportes/12/Koala.jpg,/12/Penguins.jpg,/12/Tulips.jpg,/12/Chrysanthemum.jpg
[28-06-2018 12:26:34] imagenes importadas: Deportes/12/Lighthouse.jpg,Deportes/12/Koala.jpg,Deportes/12/Koala.jpg,/12/Penguins.jpg,/12/Tulips.jpg,/12/Chrysanthemum.jpg,Otros Servicios/12/Penguins.jpg
[28-06-2018 12:27:05] imagenes importadas: Deportes/12/Lighthouse.jpg,Deportes/12/Koala.jpg,Deportes/12/Koala.jpg,/12/Penguins.jpg,/12/Tulips.jpg,/12/Chrysanthemum.jpg,Otros Servicios/12/Penguins.jpg,Otros Servicios/12/Penguins.jpg
[28-06-2018 12:27:32] imagenes importadas: Deportes/12/Lighthouse.jpg,Deportes/12/Koala.jpg,Deportes/12/Koala.jpg,/12/Penguins.jpg,/12/Tulips.jpg,/12/Chrysanthemum.jpg,Otros Servicios/12/Penguins.jpg,Otros Servicios/12/Penguins.jpg
[28-06-2018 12:27:37] Deportes/12/Lighthouse.jpg,Deportes/12/Koala.jpg,Deportes/12/Koala.jpg,/12/Penguins.jpg,/12/Tulips.jpg,/12/Chrysanthemum.jpg,Otros Servicios/12/Penguins.jpg,Otros Servicios/12/Penguins.jpg
[28-06-2018 12:31:10] imagenes importadas: Otros Servicios/12/Jellyfish.jpg
[28-06-2018 12:31:15] imagenes importadas: Otros Servicios/12/Jellyfish.jpg,Museos/12/Penguins.jpg
[28-06-2018 12:33:08] imagenes importadas: Museos/12/Koala.jpg
[28-06-2018 12:33:21] imagenes importadas: Museos/12/Koala.jpg,Museos/12/Penguins.jpg
[28-06-2018 12:34:52] imagenes importadas: Museos/12/Koala.jpg,Museos/12/Penguins.jpg,Museos/12/Jellyfish.jpg
[28-06-2018 12:34:54] imagenes importadas: Museos/12/Koala.jpg,Museos/12/Penguins.jpg,Museos/12/Jellyfish.jpg,Museos/12/Tulips.jpg
[28-06-2018 12:35:32] imagenes importadas: Museos/12/Koala.jpg
[28-06-2018 12:35:34] imagenes importadas: Museos/12/Koala.jpg,Museos/12/Jellyfish.jpg
[28-06-2018 12:36:23] imagenes importadas: Museos/12/Koala.jpg,Museos/12/Jellyfish.jpg
[28-06-2018 12:36:29] Museos/12/Koala.jpg,Museos/12/Jellyfish.jpg
[28-06-2018 12:37:34] imagenes importadas: Museos/12/cf4.png
[28-06-2018 12:37:40] imagenes importadas: Museos/12/cf4.png,Restaurantes/12/shield.jpg
[28-06-2018 12:40:44] imagenes importadas: Hoteles/12/cf4.png
[28-06-2018 12:40:55] imagenes importadas: Hoteles/12/cf4.png,Hoteles/12/shield.jpg
[28-06-2018 12:41:15] imagenes importadas: Hoteles/12/cf4.png,Hoteles/12/shield.jpg
[28-06-2018 12:41:21] Hoteles/12/cf4.png,Hoteles/12/shield.jpg
[28-06-2018 12:42:12] imagenes importadas: Deportes/12/IAServer.PNG
[28-06-2018 12:42:15] imagenes importadas: Deportes/12/IAServer.PNG,Deportes/12/AMR Trazabilidad.PNG
[28-06-2018 12:42:41] imagenes importadas: Deportes/12/IAServer.PNG,Deportes/12/AMR Trazabilidad.PNG
[28-06-2018 12:42:47] Deportes/12/IAServer.PNG,Deportes/12/AMR Trazabilidad.PNG
