[14-11-2018 12:47:30] imagenes importadas: Paisajes/5/BosquePetrificado2.jpeg
[14-11-2018 12:47:34] imagenes importadas: Paisajes/5/BosquePetrificado2.jpeg,Paisajes/5/BosquePetrificado.jpeg
[14-11-2018 12:47:39] imagenes importadas: Paisajes/5/BosquePetrificado2.jpeg,Paisajes/5/BosquePetrificado.jpeg,Paisajes/5/BosquePetrificado3.jpeg
[14-11-2018 12:47:45] imagenes importadas: Paisajes/5/BosquePetrificado2.jpeg,Paisajes/5/BosquePetrificado.jpeg,Paisajes/5/BosquePetrificado3.jpeg,Paisajes/5/BosquePetrificado1.jpeg
[14-11-2018 12:47:50] imagenes importadas: Paisajes/5/BosquePetrificado2.jpeg,Paisajes/5/BosquePetrificado.jpeg,Paisajes/5/BosquePetrificado3.jpeg,Paisajes/5/BosquePetrificado1.jpeg
[14-11-2018 12:47:52] Paisajes/5/BosquePetrificado2.jpeg,Paisajes/5/BosquePetrificado.jpeg,Paisajes/5/BosquePetrificado3.jpeg,Paisajes/5/BosquePetrificado1.jpeg
[14-11-2018 01:58:46] imagenes importadas: Paisajes/5/LagoCardiel2.jpeg
[14-11-2018 01:58:52] imagenes importadas: Paisajes/5/LagoCardiel2.jpeg,Paisajes/5/LagoCardiel1.jpeg
[14-11-2018 01:58:59] imagenes importadas: Paisajes/5/LagoCardiel2.jpeg,Paisajes/5/LagoCardiel1.jpeg,Paisajes/5/LagoCardiel.jpeg
[14-11-2018 01:59:06] imagenes importadas: Paisajes/5/LagoCardiel2.jpeg,Paisajes/5/LagoCardiel1.jpeg,Paisajes/5/LagoCardiel.jpeg
[14-11-2018 01:59:08] Paisajes/5/LagoCardiel2.jpeg,Paisajes/5/LagoCardiel1.jpeg,Paisajes/5/LagoCardiel.jpeg
[14-11-2018 02:11:04] imagenes importadas: Paisajes/5/LagoStrobel2.jpeg
[14-11-2018 02:11:10] imagenes importadas: Paisajes/5/LagoStrobel2.jpeg,Paisajes/5/LagoStrobel.jpeg
[14-11-2018 02:11:23] imagenes importadas: Paisajes/5/LagoStrobel2.jpeg,Paisajes/5/LagoStrobel.jpeg,Paisajes/5/LagoStrobel1.jpeg
[14-11-2018 02:11:28] imagenes importadas: Paisajes/5/LagoStrobel2.jpeg,Paisajes/5/LagoStrobel.jpeg,Paisajes/5/LagoStrobel1.jpeg
[14-11-2018 02:11:30] Paisajes/5/LagoStrobel2.jpeg,Paisajes/5/LagoStrobel.jpeg,Paisajes/5/LagoStrobel1.jpeg
[14-11-2018 02:45:20] imagenes importadas: Museos/5/MuseoRegionalCalafate.jpeg
[14-11-2018 02:45:25] imagenes importadas: Museos/5/MuseoRegionalCalafate.jpeg,Museos/5/MuseoRegionalCalafate1.jpeg
[14-11-2018 02:45:30] imagenes importadas: Museos/5/MuseoRegionalCalafate.jpeg,Museos/5/MuseoRegionalCalafate1.jpeg,Museos/5/MuseoRegionalCalafate2.jpeg
[14-11-2018 02:45:35] imagenes importadas: Museos/5/MuseoRegionalCalafate.jpeg,Museos/5/MuseoRegionalCalafate1.jpeg,Museos/5/MuseoRegionalCalafate2.jpeg,Museos/5/MuseoRegionalCalafate3.jpeg
[14-11-2018 02:45:40] imagenes importadas: Museos/5/MuseoRegionalCalafate.jpeg,Museos/5/MuseoRegionalCalafate1.jpeg,Museos/5/MuseoRegionalCalafate2.jpeg,Museos/5/MuseoRegionalCalafate3.jpeg
[14-11-2018 02:45:42] Museos/5/MuseoRegionalCalafate.jpeg,Museos/5/MuseoRegionalCalafate1.jpeg,Museos/5/MuseoRegionalCalafate2.jpeg,Museos/5/MuseoRegionalCalafate3.jpeg
